#
# A fatal error has been detected by the Java Runtime Environment:
#
#  EXCEPTION_ACCESS_VIOLATION (0xc0000005) at pc=0x00007ffdb2baf74a, pid=6452, tid=12664
#
# JRE version: Java(TM) SE Runtime Environment (14.0.1+7) (build 14.0.1+7)
# Java VM: Java HotSpot(TM) 64-Bit Server VM (14.0.1+7, mixed mode, sharing, tiered, compressed oops, g1 gc, windows-amd64)
# Problematic frame:
# C  [awt.dll+0x8f74a]
#
# No core dump will be written. Minidumps are not enabled by default on client versions of Windows
#
# If you would like to submit a bug report, please visit:
#   https://bugreport.java.com/bugreport/crash.jsp
# The crash happened outside the Java Virtual Machine in native code.
# See problematic frame for where to report the bug.
#

---------------  S U M M A R Y ------------

Command Line: -agentlib:jdwp=transport=dt_socket,server=n,suspend=y,address=localhost:51870 -Dfile.encoding=UTF-8 app.TestIoTClient

Host: Intel(R) Core(TM) i7-9750H CPU @ 2.60GHz, 12 cores, 15G,  Windows 10 , 64 bit Build 18362 (10.0.18362.900)
Time: Fri Jun 26 19:31:44 2020 ???? (?W?€??) elapsed time: 1 seconds (0d 0h 0m 1s)

---------------  T H R E A D  ---------------

Current thread (0x000001e2c0f3d800):  JavaThread "main" [_thread_in_native, id=12664, stack(0x000000883e900000,0x000000883ea00000)]

Stack: [0x000000883e900000,0x000000883ea00000],  sp=0x000000883e9fea80,  free space=1018k
Native frames: (J=compiled Java code, j=interpreted, Vv=VM code, C=native code)
C  [awt.dll+0x8f74a]

Java frames: (J=compiled Java code, j=interpreted, Vv=VM code)
j  sun.awt.windows.WComponentPeer._setFont(Ljava/awt/Font;)V+0 java.desktop@14.0.1
j  sun.awt.windows.WComponentPeer.setFont(Ljava/awt/Font;)V+7 java.desktop@14.0.1
j  sun.awt.windows.WWindowPeer.initialize()V+42 java.desktop@14.0.1
j  sun.awt.windows.WFramePeer.initialize()V+1 java.desktop@14.0.1
j  sun.awt.windows.WComponentPeer.<init>(Ljava/awt/Component;)V+83 java.desktop@14.0.1
j  sun.awt.windows.WCanvasPeer.<init>(Ljava/awt/Component;)V+2 java.desktop@14.0.1
j  sun.awt.windows.WPanelPeer.<init>(Ljava/awt/Component;)V+2 java.desktop@14.0.1
j  sun.awt.windows.WWindowPeer.<init>(Ljava/awt/Window;)V+2 java.desktop@14.0.1
j  sun.awt.windows.WFramePeer.<init>(Ljava/awt/Frame;)V+2 java.desktop@14.0.1
j  sun.awt.windows.WToolkit.createFrame(Ljava/awt/Frame;)Ljava/awt/peer/FramePeer;+5 java.desktop@14.0.1
j  java.awt.Frame.addNotify()V+20 java.desktop@14.0.1
j  java.awt.Window.show()V+8 java.desktop@14.0.1
j  java.awt.Component.show(Z)V+5 java.desktop@14.0.1
j  java.awt.Component.setVisible(Z)V+2 java.desktop@14.0.1
j  java.awt.Window.setVisible(Z)V+2 java.desktop@14.0.1
j  app.IoTClient.<init>()V+50
j  app.TestIoTClient.main([Ljava/lang/String;)V+4
v  ~StubRoutines::call_stub

siginfo: EXCEPTION_ACCESS_VIOLATION (0xc0000005), reading address 0x0000000000000058


Register to memory mapping:

RIP=0x00007ffdb2baf74a awt.dll
RAX=0x00007ffdb2c2a660 awt.dll
RBX=0x000001e2c0f3db10 points into unknown readable memory: a0 1a d5 8e fd 7f 00 00
RCX=0x000001e2e81ebee0 points into unknown readable memory: 60 a6 c2 b2 fd 7f 00 00
RDX=0x0 is NULL
RSP=0x000000883e9fea80 is pointing into the stack for thread: 0x000001e2c0f3d800
RBP=0x0 is NULL
RSI=0x000001e2e81bf290 is a global jni handle
RDI=0x000001e2e81bf298 is a global jni handle
R8 =0x0000000000000042 is an unknown value
R9 =0x0000000800b46100 is a pointer to class: 
java.awt.Font {0x0000000800b46108}
R10=0x0000000000008000 is an unknown value
R11=0x000000883e9fea80 is pointing into the stack for thread: 0x000001e2c0f3d800
R12=0x0 is NULL
R13={method} {0x000001e2e7102fc8} '_setFont' '(Ljava/awt/Font;)V' in 'sun/awt/windows/WComponentPeer'
R14=0x000001e2e81ebee0 points into unknown readable memory: 60 a6 c2 b2 fd 7f 00 00
R15=0x000001e2e8202c90 points into unknown readable memory: 90 f2 1b e8 e2 01 00 00


Registers:
RAX=0x00007ffdb2c2a660, RBX=0x000001e2c0f3db10, RCX=0x000001e2e81ebee0, RDX=0x0000000000000000
RSP=0x000000883e9fea80, RBP=0x0000000000000000, RSI=0x000001e2e81bf290, RDI=0x000001e2e81bf298
R8 =0x0000000000000042, R9 =0x0000000800b46100, R10=0x0000000000008000, R11=0x000000883e9fea80
R12=0x0000000000000000, R13=0x000001e2e7102fc0, R14=0x000001e2e81ebee0, R15=0x000001e2e8202c90
RIP=0x00007ffdb2baf74a, EFLAGS=0x0000000000010202

Top of Stack: (sp=0x000000883e9fea80)
0x000000883e9fea80:   000001e2e8202c90 000001e2e81ebee0
0x000000883e9fea90:   000001e2e8202c90 000001e2e81ebee0
0x000000883e9feaa0:   000001e2e81bf298 00007ffdb2bb4655
0x000000883e9feab0:   000001e2c0f3db10 000001e2c0f3db10
0x000000883e9feac0:   0000000000000000 000001e2e81bf290
0x000000883e9fead0:   000001e2c0f3d800 000000883e9fec20
0x000000883e9feae0:   000001e2e8202c90 00007ffdb2bed59b
0x000000883e9feaf0:   00007ffdb2c6f018 000000883e9febf8
0x000000883e9feb00:   00007ffdb2bb4528 0000000000000000
0x000000883e9feb10:   fffffffffffffffe fffffffffffffffe
0x000000883e9feb20:   000001e2e81bf290 00007ffdb2bb581c
0x000000883e9feb30:   000001e2e81bf298 000000883e9fec18
0x000000883e9feb40:   000000883e9fec18 00007ffdb2c6f018
0x000000883e9feb50:   fffffffffffffffe 00007ffd8e942949
0x000000883e9feb60:   000001e2caf1cda9 000001e2caf27741
0x000000883e9feb70:   000001e2e7102fc0 0000000000000000 

Instructions: (pc=0x00007ffdb2baf74a)
0x00007ffdb2baf64a:   00 48 8b d9 e8 d9 dc ff ff 48 8b f8 48 85 c0 75
0x00007ffdb2baf65a:   04 48 8b 7b 48 48 8b cf e8 93 15 05 00 48 8b d8
0x00007ffdb2baf66a:   48 85 c0 74 60 83 64 24 20 00 0f 57 c0 83 64 24
0x00007ffdb2baf67a:   34 00 b9 11 00 00 00 83 64 24 38 00 f3 0f 7f 44
0x00007ffdb2baf68a:   24 24 ff 15 86 bc 0b 00 4c 8d 44 24 40 ba 5c 00
0x00007ffdb2baf69a:   00 00 48 8b c8 ff 15 2b bf 0b 00 83 f8 5c 75 0d
0x00007ffdb2baf6aa:   48 8d 54 24 40 48 8b cb e8 f2 15 05 00 48 8d 54
0x00007ffdb2baf6ba:   24 20 48 8b cb e8 09 16 05 00 48 8b d3 48 8b cf
0x00007ffdb2baf6ca:   e8 b6 15 05 00 48 8b 8c 24 a0 00 00 00 48 33 cc
0x00007ffdb2baf6da:   e8 e1 22 05 00 48 8b 9c 24 c8 00 00 00 48 81 c4
0x00007ffdb2baf6ea:   b0 00 00 00 5f c3 40 53 48 83 ec 20 48 8b d9 ff
0x00007ffdb2baf6fa:   15 69 c4 0b 00 48 85 c0 75 0a 48 8b 4b 48 ff 15
0x00007ffdb2baf70a:   52 c4 0b 00 48 83 c4 20 5b c3 4c 63 c2 48 8b 15
0x00007ffdb2baf71a:   2a a8 0b 00 48 ff 25 e3 c2 0b 00 cc cc cc 48 8b
0x00007ffdb2baf72a:   d1 48 8b 0d 1e d8 0b 00 48 89 15 17 d8 0b 00 e9
0x00007ffdb2baf73a:   f6 63 04 00 cc cc 48 89 5c 24 08 57 48 83 ec 20
0x00007ffdb2baf74a:   83 7a 58 00 48 8b da 48 8b f9 7d 08 48 8b ca e8
0x00007ffdb2baf75a:   4a 95 01 00 4c 8b 43 48 45 33 c9 48 8b 4f 48 4d
0x00007ffdb2baf76a:   8b 00 41 8d 51 30 ff 15 5a c5 0b 00 48 8b 4f 48
0x00007ffdb2baf77a:   33 d2 44 8d 42 01 48 8b 5c 24 30 48 83 c4 20 5f
0x00007ffdb2baf78a:   48 ff 25 f7 c3 0b 00 cc cc cc 48 8b c4 48 89 58
0x00007ffdb2baf79a:   08 48 89 68 10 48 89 70 18 48 89 78 20 41 56 48
0x00007ffdb2baf7aa:   83 ec 20 4c 8b f2 48 8b f9 48 8b 0d 3e f6 0b 00
0x00007ffdb2baf7ba:   ba 02 00 01 00 41 8b e8 e8 04 21 05 00 48 8b 97
0x00007ffdb2baf7ca:   c0 00 00 00 33 db 48 8b f0 48 85 d2 74 0d 4c 8b
0x00007ffdb2baf7da:   08 48 8b c8 41 ff 91 b0 00 00 00 4d 85 f6 74 14
0x00007ffdb2baf7ea:   48 8b 06 49 8b d6 48 8b ce ff 90 a8 00 00 00 48
0x00007ffdb2baf7fa:   8b d8 eb 05 bd 01 00 00 00 48 89 9f c0 00 00 00
0x00007ffdb2baf80a:   89 af c8 00 00 00 48 8b 5c 24 30 48 8b 6c 24 38
0x00007ffdb2baf81a:   48 8b 74 24 40 48 8b 7c 24 48 48 83 c4 20 41 5e
0x00007ffdb2baf82a:   c3 cc 48 89 5c 24 08 48 89 6c 24 10 48 89 74 24
0x00007ffdb2baf83a:   18 57 48 83 ec 20 33 db 48 8b f9 48 85 c9 75 09 


Stack slot to memory mapping:
stack at sp + 0 slots: 0x000001e2e8202c90 points into unknown readable memory: 90 f2 1b e8 e2 01 00 00
stack at sp + 1 slots: 0x000001e2e81ebee0 points into unknown readable memory: 60 a6 c2 b2 fd 7f 00 00
stack at sp + 2 slots: 0x000001e2e8202c90 points into unknown readable memory: 90 f2 1b e8 e2 01 00 00
stack at sp + 3 slots: 0x000001e2e81ebee0 points into unknown readable memory: 60 a6 c2 b2 fd 7f 00 00
stack at sp + 4 slots: 0x000001e2e81bf298 is a global jni handle
stack at sp + 5 slots: 0x00007ffdb2bb4655 awt.dll
stack at sp + 6 slots: 0x000001e2c0f3db10 points into unknown readable memory: a0 1a d5 8e fd 7f 00 00
stack at sp + 7 slots: 0x000001e2c0f3db10 points into unknown readable memory: a0 1a d5 8e fd 7f 00 00


---------------  P R O C E S S  ---------------

Threads class SMR info:
_java_thread_list=0x000001e2e8113e00, length=18, elements={
0x000001e2c0f3d800, 0x000001e2e7898000, 0x000001e2e7899000, 0x000001e2e78bc800,
0x000001e2e78bf800, 0x000001e2e78c1800, 0x000001e2e78c9000, 0x000001e2e78d4000,
0x000001e2e78df800, 0x000001e2e7a31000, 0x000001e2e7a32000, 0x000001e2e7a35000,
0x000001e2e7a49800, 0x000001e2e7a4e800, 0x000001e2e8150000, 0x000001e2e8155800,
0x000001e2e8159000, 0x000001e2e81ec800
}

Java Threads: ( => current thread )
=>0x000001e2c0f3d800 JavaThread "main" [_thread_in_native, id=12664, stack(0x000000883e900000,0x000000883ea00000)]
  0x000001e2e7898000 JavaThread "Reference Handler" daemon [_thread_blocked, id=6224, stack(0x000000883f000000,0x000000883f100000)]
  0x000001e2e7899000 JavaThread "Finalizer" daemon [_thread_blocked, id=3340, stack(0x000000883f100000,0x000000883f200000)]
  0x000001e2e78bc800 JavaThread "Signal Dispatcher" daemon [_thread_blocked, id=13992, stack(0x000000883f200000,0x000000883f300000)]
  0x000001e2e78bf800 JavaThread "Attach Listener" daemon [_thread_blocked, id=12880, stack(0x000000883f300000,0x000000883f400000)]
  0x000001e2e78c1800 JavaThread "Service Thread" daemon [_thread_blocked, id=3744, stack(0x000000883f400000,0x000000883f500000)]
  0x000001e2e78c9000 JavaThread "C2 CompilerThread0" daemon [_thread_blocked, id=2940, stack(0x000000883f500000,0x000000883f600000)]
  0x000001e2e78d4000 JavaThread "C1 CompilerThread0" daemon [_thread_blocked, id=13644, stack(0x000000883f600000,0x000000883f700000)]
  0x000001e2e78df800 JavaThread "Sweeper thread" daemon [_thread_blocked, id=2308, stack(0x000000883f700000,0x000000883f800000)]
  0x000001e2e7a31000 JavaThread "JDWP Transport Listener: dt_socket" daemon [_thread_blocked, id=4728, stack(0x000000883f800000,0x000000883f900000)]
  0x000001e2e7a32000 JavaThread "JDWP Event Helper Thread" daemon [_thread_blocked, id=1708, stack(0x000000883f900000,0x000000883fa00000)]
  0x000001e2e7a35000 JavaThread "JDWP Command Reader" daemon [_thread_in_native, id=564, stack(0x000000883fa00000,0x000000883fb00000)]
  0x000001e2e7a49800 JavaThread "Notification Thread" daemon [_thread_blocked, id=15960, stack(0x000000883fb00000,0x000000883fc00000)]
  0x000001e2e7a4e800 JavaThread "Common-Cleaner" daemon [_thread_blocked, id=15496, stack(0x000000883fd00000,0x000000883fe00000)]
  0x000001e2e8150000 JavaThread "Java2D Disposer" daemon [_thread_blocked, id=13032, stack(0x000000883fe00000,0x000000883ff00000)]
  0x000001e2e8155800 JavaThread "AWT-Shutdown" [_thread_blocked, id=4968, stack(0x000000883ff00000,0x0000008840000000)]
  0x000001e2e8159000 JavaThread "AWT-Windows" daemon [_thread_in_native, id=11344, stack(0x0000008840000000,0x0000008840100000)]
  0x000001e2e81ec800 JavaThread "AWT-EventQueue-0" [_thread_blocked, id=13984, stack(0x0000008840100000,0x0000008840200000)]

Other Threads:
  0x000001e2e7890000 VMThread "VM Thread" [stack: 0x000000883ef00000,0x000000883f000000] [id=3732]
  0x000001e2e7a4e000 WatcherThread [stack: 0x000000883fc00000,0x000000883fd00000] [id=10164]
  0x000001e2c0fa4800 GCTaskThread "GC Thread#0" [stack: 0x000000883ea00000,0x000000883eb00000] [id=1408]
  0x000001e2c0fc7000 ConcurrentGCThread "G1 Main Marker" [stack: 0x000000883eb00000,0x000000883ec00000] [id=14792]
  0x000001e2c0fc8800 ConcurrentGCThread "G1 Conc#0" [stack: 0x000000883ec00000,0x000000883ed00000] [id=9564]
  0x000001e2e677b000 ConcurrentGCThread "G1 Refine#0" [stack: 0x000000883ed00000,0x000000883ee00000] [id=3688]
  0x000001e2e677c000 ConcurrentGCThread "G1 Young RemSet Sampling" [stack: 0x000000883ee00000,0x000000883ef00000] [id=12920]

Threads with active compile tasks:

VM state:not at safepoint (normal execution)

VM Mutex/Monitor currently owned by a thread: None

Heap address: 0x0000000702600000, size: 4058 MB, Compressed Oops mode: Zero based, Oop shift amount: 3
Narrow klass base: 0x0000000800000000, Narrow klass shift: 3
Compressed class space size: 1073741824 Address: 0x0000000800b30000

Heap:
 garbage-first heap   total 260096K, used 4096K [0x0000000702600000, 0x0000000800000000)
  region size 1024K, 5 young (5120K), 0 survivors (0K)
 Metaspace       used 5242K, capacity 5441K, committed 5632K, reserved 1056768K
  class space    used 577K, capacity 658K, committed 768K, reserved 1048576K
Heap Regions: E=young(eden), S=young(survivor), O=old, HS=humongous(starts), HC=humongous(continues), CS=collection set, F=free, OA=open archive, CA=closed archive, TAMS=top-at-mark-start (previous, next)
|   0|0x0000000702600000, 0x0000000702600000, 0x0000000702700000|  0%| F|  |TAMS 0x0000000702600000, 0x0000000702600000| Untracked 
|   1|0x0000000702700000, 0x0000000702700000, 0x0000000702800000|  0%| F|  |TAMS 0x0000000702700000, 0x0000000702700000| Untracked 
|   2|0x0000000702800000, 0x0000000702800000, 0x0000000702900000|  0%| F|  |TAMS 0x0000000702800000, 0x0000000702800000| Untracked 
|   3|0x0000000702900000, 0x0000000702900000, 0x0000000702a00000|  0%| F|  |TAMS 0x0000000702900000, 0x0000000702900000| Untracked 
|   4|0x0000000702a00000, 0x0000000702a00000, 0x0000000702b00000|  0%| F|  |TAMS 0x0000000702a00000, 0x0000000702a00000| Untracked 
|   5|0x0000000702b00000, 0x0000000702b00000, 0x0000000702c00000|  0%| F|  |TAMS 0x0000000702b00000, 0x0000000702b00000| Untracked 
|   6|0x0000000702c00000, 0x0000000702c00000, 0x0000000702d00000|  0%| F|  |TAMS 0x0000000702c00000, 0x0000000702c00000| Untracked 
|   7|0x0000000702d00000, 0x0000000702d00000, 0x0000000702e00000|  0%| F|  |TAMS 0x0000000702d00000, 0x0000000702d00000| Untracked 
|   8|0x0000000702e00000, 0x0000000702e00000, 0x0000000702f00000|  0%| F|  |TAMS 0x0000000702e00000, 0x0000000702e00000| Untracked 
|   9|0x0000000702f00000, 0x0000000702f00000, 0x0000000703000000|  0%| F|  |TAMS 0x0000000702f00000, 0x0000000702f00000| Untracked 
|  10|0x0000000703000000, 0x0000000703000000, 0x0000000703100000|  0%| F|  |TAMS 0x0000000703000000, 0x0000000703000000| Untracked 
|  11|0x0000000703100000, 0x0000000703100000, 0x0000000703200000|  0%| F|  |TAMS 0x0000000703100000, 0x0000000703100000| Untracked 
|  12|0x0000000703200000, 0x0000000703200000, 0x0000000703300000|  0%| F|  |TAMS 0x0000000703200000, 0x0000000703200000| Untracked 
|  13|0x0000000703300000, 0x0000000703300000, 0x0000000703400000|  0%| F|  |TAMS 0x0000000703300000, 0x0000000703300000| Untracked 
|  14|0x0000000703400000, 0x0000000703400000, 0x0000000703500000|  0%| F|  |TAMS 0x0000000703400000, 0x0000000703400000| Untracked 
|  15|0x0000000703500000, 0x0000000703500000, 0x0000000703600000|  0%| F|  |TAMS 0x0000000703500000, 0x0000000703500000| Untracked 
|  16|0x0000000703600000, 0x0000000703600000, 0x0000000703700000|  0%| F|  |TAMS 0x0000000703600000, 0x0000000703600000| Untracked 
|  17|0x0000000703700000, 0x0000000703700000, 0x0000000703800000|  0%| F|  |TAMS 0x0000000703700000, 0x0000000703700000| Untracked 
|  18|0x0000000703800000, 0x0000000703800000, 0x0000000703900000|  0%| F|  |TAMS 0x0000000703800000, 0x0000000703800000| Untracked 
|  19|0x0000000703900000, 0x0000000703900000, 0x0000000703a00000|  0%| F|  |TAMS 0x0000000703900000, 0x0000000703900000| Untracked 
|  20|0x0000000703a00000, 0x0000000703a00000, 0x0000000703b00000|  0%| F|  |TAMS 0x0000000703a00000, 0x0000000703a00000| Untracked 
|  21|0x0000000703b00000, 0x0000000703b00000, 0x0000000703c00000|  0%| F|  |TAMS 0x0000000703b00000, 0x0000000703b00000| Untracked 
|  22|0x0000000703c00000, 0x0000000703c00000, 0x0000000703d00000|  0%| F|  |TAMS 0x0000000703c00000, 0x0000000703c00000| Untracked 
|  23|0x0000000703d00000, 0x0000000703d00000, 0x0000000703e00000|  0%| F|  |TAMS 0x0000000703d00000, 0x0000000703d00000| Untracked 
|  24|0x0000000703e00000, 0x0000000703e00000, 0x0000000703f00000|  0%| F|  |TAMS 0x0000000703e00000, 0x0000000703e00000| Untracked 
|  25|0x0000000703f00000, 0x0000000703f00000, 0x0000000704000000|  0%| F|  |TAMS 0x0000000703f00000, 0x0000000703f00000| Untracked 
|  26|0x0000000704000000, 0x0000000704000000, 0x0000000704100000|  0%| F|  |TAMS 0x0000000704000000, 0x0000000704000000| Untracked 
|  27|0x0000000704100000, 0x0000000704100000, 0x0000000704200000|  0%| F|  |TAMS 0x0000000704100000, 0x0000000704100000| Untracked 
|  28|0x0000000704200000, 0x0000000704200000, 0x0000000704300000|  0%| F|  |TAMS 0x0000000704200000, 0x0000000704200000| Untracked 
|  29|0x0000000704300000, 0x0000000704300000, 0x0000000704400000|  0%| F|  |TAMS 0x0000000704300000, 0x0000000704300000| Untracked 
|  30|0x0000000704400000, 0x0000000704400000, 0x0000000704500000|  0%| F|  |TAMS 0x0000000704400000, 0x0000000704400000| Untracked 
|  31|0x0000000704500000, 0x0000000704500000, 0x0000000704600000|  0%| F|  |TAMS 0x0000000704500000, 0x0000000704500000| Untracked 
|  32|0x0000000704600000, 0x0000000704600000, 0x0000000704700000|  0%| F|  |TAMS 0x0000000704600000, 0x0000000704600000| Untracked 
|  33|0x0000000704700000, 0x0000000704700000, 0x0000000704800000|  0%| F|  |TAMS 0x0000000704700000, 0x0000000704700000| Untracked 
|  34|0x0000000704800000, 0x0000000704800000, 0x0000000704900000|  0%| F|  |TAMS 0x0000000704800000, 0x0000000704800000| Untracked 
|  35|0x0000000704900000, 0x0000000704900000, 0x0000000704a00000|  0%| F|  |TAMS 0x0000000704900000, 0x0000000704900000| Untracked 
|  36|0x0000000704a00000, 0x0000000704a00000, 0x0000000704b00000|  0%| F|  |TAMS 0x0000000704a00000, 0x0000000704a00000| Untracked 
|  37|0x0000000704b00000, 0x0000000704b00000, 0x0000000704c00000|  0%| F|  |TAMS 0x0000000704b00000, 0x0000000704b00000| Untracked 
|  38|0x0000000704c00000, 0x0000000704c00000, 0x0000000704d00000|  0%| F|  |TAMS 0x0000000704c00000, 0x0000000704c00000| Untracked 
|  39|0x0000000704d00000, 0x0000000704d00000, 0x0000000704e00000|  0%| F|  |TAMS 0x0000000704d00000, 0x0000000704d00000| Untracked 
|  40|0x0000000704e00000, 0x0000000704e00000, 0x0000000704f00000|  0%| F|  |TAMS 0x0000000704e00000, 0x0000000704e00000| Untracked 
|  41|0x0000000704f00000, 0x0000000704f00000, 0x0000000705000000|  0%| F|  |TAMS 0x0000000704f00000, 0x0000000704f00000| Untracked 
|  42|0x0000000705000000, 0x0000000705000000, 0x0000000705100000|  0%| F|  |TAMS 0x0000000705000000, 0x0000000705000000| Untracked 
|  43|0x0000000705100000, 0x0000000705100000, 0x0000000705200000|  0%| F|  |TAMS 0x0000000705100000, 0x0000000705100000| Untracked 
|  44|0x0000000705200000, 0x0000000705200000, 0x0000000705300000|  0%| F|  |TAMS 0x0000000705200000, 0x0000000705200000| Untracked 
|  45|0x0000000705300000, 0x0000000705300000, 0x0000000705400000|  0%| F|  |TAMS 0x0000000705300000, 0x0000000705300000| Untracked 
|  46|0x0000000705400000, 0x0000000705400000, 0x0000000705500000|  0%| F|  |TAMS 0x0000000705400000, 0x0000000705400000| Untracked 
|  47|0x0000000705500000, 0x0000000705500000, 0x0000000705600000|  0%| F|  |TAMS 0x0000000705500000, 0x0000000705500000| Untracked 
|  48|0x0000000705600000, 0x0000000705600000, 0x0000000705700000|  0%| F|  |TAMS 0x0000000705600000, 0x0000000705600000| Untracked 
|  49|0x0000000705700000, 0x0000000705700000, 0x0000000705800000|  0%| F|  |TAMS 0x0000000705700000, 0x0000000705700000| Untracked 
|  50|0x0000000705800000, 0x0000000705800000, 0x0000000705900000|  0%| F|  |TAMS 0x0000000705800000, 0x0000000705800000| Untracked 
|  51|0x0000000705900000, 0x0000000705900000, 0x0000000705a00000|  0%| F|  |TAMS 0x0000000705900000, 0x0000000705900000| Untracked 
|  52|0x0000000705a00000, 0x0000000705a00000, 0x0000000705b00000|  0%| F|  |TAMS 0x0000000705a00000, 0x0000000705a00000| Untracked 
|  53|0x0000000705b00000, 0x0000000705b00000, 0x0000000705c00000|  0%| F|  |TAMS 0x0000000705b00000, 0x0000000705b00000| Untracked 
|  54|0x0000000705c00000, 0x0000000705c00000, 0x0000000705d00000|  0%| F|  |TAMS 0x0000000705c00000, 0x0000000705c00000| Untracked 
|  55|0x0000000705d00000, 0x0000000705d00000, 0x0000000705e00000|  0%| F|  |TAMS 0x0000000705d00000, 0x0000000705d00000| Untracked 
|  56|0x0000000705e00000, 0x0000000705e00000, 0x0000000705f00000|  0%| F|  |TAMS 0x0000000705e00000, 0x0000000705e00000| Untracked 
|  57|0x0000000705f00000, 0x0000000705f00000, 0x0000000706000000|  0%| F|  |TAMS 0x0000000705f00000, 0x0000000705f00000| Untracked 
|  58|0x0000000706000000, 0x0000000706000000, 0x0000000706100000|  0%| F|  |TAMS 0x0000000706000000, 0x0000000706000000| Untracked 
|  59|0x0000000706100000, 0x0000000706100000, 0x0000000706200000|  0%| F|  |TAMS 0x0000000706100000, 0x0000000706100000| Untracked 
|  60|0x0000000706200000, 0x0000000706200000, 0x0000000706300000|  0%| F|  |TAMS 0x0000000706200000, 0x0000000706200000| Untracked 
|  61|0x0000000706300000, 0x0000000706300000, 0x0000000706400000|  0%| F|  |TAMS 0x0000000706300000, 0x0000000706300000| Untracked 
|  62|0x0000000706400000, 0x0000000706400000, 0x0000000706500000|  0%| F|  |TAMS 0x0000000706400000, 0x0000000706400000| Untracked 
|  63|0x0000000706500000, 0x0000000706500000, 0x0000000706600000|  0%| F|  |TAMS 0x0000000706500000, 0x0000000706500000| Untracked 
|  64|0x0000000706600000, 0x0000000706600000, 0x0000000706700000|  0%| F|  |TAMS 0x0000000706600000, 0x0000000706600000| Untracked 
|  65|0x0000000706700000, 0x0000000706700000, 0x0000000706800000|  0%| F|  |TAMS 0x0000000706700000, 0x0000000706700000| Untracked 
|  66|0x0000000706800000, 0x0000000706800000, 0x0000000706900000|  0%| F|  |TAMS 0x0000000706800000, 0x0000000706800000| Untracked 
|  67|0x0000000706900000, 0x0000000706900000, 0x0000000706a00000|  0%| F|  |TAMS 0x0000000706900000, 0x0000000706900000| Untracked 
|  68|0x0000000706a00000, 0x0000000706a00000, 0x0000000706b00000|  0%| F|  |TAMS 0x0000000706a00000, 0x0000000706a00000| Untracked 
|  69|0x0000000706b00000, 0x0000000706b00000, 0x0000000706c00000|  0%| F|  |TAMS 0x0000000706b00000, 0x0000000706b00000| Untracked 
|  70|0x0000000706c00000, 0x0000000706c00000, 0x0000000706d00000|  0%| F|  |TAMS 0x0000000706c00000, 0x0000000706c00000| Untracked 
|  71|0x0000000706d00000, 0x0000000706d00000, 0x0000000706e00000|  0%| F|  |TAMS 0x0000000706d00000, 0x0000000706d00000| Untracked 
|  72|0x0000000706e00000, 0x0000000706e00000, 0x0000000706f00000|  0%| F|  |TAMS 0x0000000706e00000, 0x0000000706e00000| Untracked 
|  73|0x0000000706f00000, 0x0000000706f00000, 0x0000000707000000|  0%| F|  |TAMS 0x0000000706f00000, 0x0000000706f00000| Untracked 
|  74|0x0000000707000000, 0x0000000707000000, 0x0000000707100000|  0%| F|  |TAMS 0x0000000707000000, 0x0000000707000000| Untracked 
|  75|0x0000000707100000, 0x0000000707100000, 0x0000000707200000|  0%| F|  |TAMS 0x0000000707100000, 0x0000000707100000| Untracked 
|  76|0x0000000707200000, 0x0000000707200000, 0x0000000707300000|  0%| F|  |TAMS 0x0000000707200000, 0x0000000707200000| Untracked 
|  77|0x0000000707300000, 0x0000000707300000, 0x0000000707400000|  0%| F|  |TAMS 0x0000000707300000, 0x0000000707300000| Untracked 
|  78|0x0000000707400000, 0x0000000707400000, 0x0000000707500000|  0%| F|  |TAMS 0x0000000707400000, 0x0000000707400000| Untracked 
|  79|0x0000000707500000, 0x0000000707500000, 0x0000000707600000|  0%| F|  |TAMS 0x0000000707500000, 0x0000000707500000| Untracked 
|  80|0x0000000707600000, 0x0000000707600000, 0x0000000707700000|  0%| F|  |TAMS 0x0000000707600000, 0x0000000707600000| Untracked 
|  81|0x0000000707700000, 0x0000000707700000, 0x0000000707800000|  0%| F|  |TAMS 0x0000000707700000, 0x0000000707700000| Untracked 
|  82|0x0000000707800000, 0x0000000707800000, 0x0000000707900000|  0%| F|  |TAMS 0x0000000707800000, 0x0000000707800000| Untracked 
|  83|0x0000000707900000, 0x0000000707900000, 0x0000000707a00000|  0%| F|  |TAMS 0x0000000707900000, 0x0000000707900000| Untracked 
|  84|0x0000000707a00000, 0x0000000707a00000, 0x0000000707b00000|  0%| F|  |TAMS 0x0000000707a00000, 0x0000000707a00000| Untracked 
|  85|0x0000000707b00000, 0x0000000707b00000, 0x0000000707c00000|  0%| F|  |TAMS 0x0000000707b00000, 0x0000000707b00000| Untracked 
|  86|0x0000000707c00000, 0x0000000707c00000, 0x0000000707d00000|  0%| F|  |TAMS 0x0000000707c00000, 0x0000000707c00000| Untracked 
|  87|0x0000000707d00000, 0x0000000707d00000, 0x0000000707e00000|  0%| F|  |TAMS 0x0000000707d00000, 0x0000000707d00000| Untracked 
|  88|0x0000000707e00000, 0x0000000707e00000, 0x0000000707f00000|  0%| F|  |TAMS 0x0000000707e00000, 0x0000000707e00000| Untracked 
|  89|0x0000000707f00000, 0x0000000707f00000, 0x0000000708000000|  0%| F|  |TAMS 0x0000000707f00000, 0x0000000707f00000| Untracked 
|  90|0x0000000708000000, 0x0000000708000000, 0x0000000708100000|  0%| F|  |TAMS 0x0000000708000000, 0x0000000708000000| Untracked 
|  91|0x0000000708100000, 0x0000000708100000, 0x0000000708200000|  0%| F|  |TAMS 0x0000000708100000, 0x0000000708100000| Untracked 
|  92|0x0000000708200000, 0x0000000708200000, 0x0000000708300000|  0%| F|  |TAMS 0x0000000708200000, 0x0000000708200000| Untracked 
|  93|0x0000000708300000, 0x0000000708300000, 0x0000000708400000|  0%| F|  |TAMS 0x0000000708300000, 0x0000000708300000| Untracked 
|  94|0x0000000708400000, 0x0000000708400000, 0x0000000708500000|  0%| F|  |TAMS 0x0000000708400000, 0x0000000708400000| Untracked 
|  95|0x0000000708500000, 0x0000000708500000, 0x0000000708600000|  0%| F|  |TAMS 0x0000000708500000, 0x0000000708500000| Untracked 
|  96|0x0000000708600000, 0x0000000708600000, 0x0000000708700000|  0%| F|  |TAMS 0x0000000708600000, 0x0000000708600000| Untracked 
|  97|0x0000000708700000, 0x0000000708700000, 0x0000000708800000|  0%| F|  |TAMS 0x0000000708700000, 0x0000000708700000| Untracked 
|  98|0x0000000708800000, 0x0000000708800000, 0x0000000708900000|  0%| F|  |TAMS 0x0000000708800000, 0x0000000708800000| Untracked 
|  99|0x0000000708900000, 0x0000000708900000, 0x0000000708a00000|  0%| F|  |TAMS 0x0000000708900000, 0x0000000708900000| Untracked 
| 100|0x0000000708a00000, 0x0000000708a00000, 0x0000000708b00000|  0%| F|  |TAMS 0x0000000708a00000, 0x0000000708a00000| Untracked 
| 101|0x0000000708b00000, 0x0000000708b00000, 0x0000000708c00000|  0%| F|  |TAMS 0x0000000708b00000, 0x0000000708b00000| Untracked 
| 102|0x0000000708c00000, 0x0000000708c00000, 0x0000000708d00000|  0%| F|  |TAMS 0x0000000708c00000, 0x0000000708c00000| Untracked 
| 103|0x0000000708d00000, 0x0000000708d00000, 0x0000000708e00000|  0%| F|  |TAMS 0x0000000708d00000, 0x0000000708d00000| Untracked 
| 104|0x0000000708e00000, 0x0000000708e00000, 0x0000000708f00000|  0%| F|  |TAMS 0x0000000708e00000, 0x0000000708e00000| Untracked 
| 105|0x0000000708f00000, 0x0000000708f00000, 0x0000000709000000|  0%| F|  |TAMS 0x0000000708f00000, 0x0000000708f00000| Untracked 
| 106|0x0000000709000000, 0x0000000709000000, 0x0000000709100000|  0%| F|  |TAMS 0x0000000709000000, 0x0000000709000000| Untracked 
| 107|0x0000000709100000, 0x0000000709100000, 0x0000000709200000|  0%| F|  |TAMS 0x0000000709100000, 0x0000000709100000| Untracked 
| 108|0x0000000709200000, 0x0000000709200000, 0x0000000709300000|  0%| F|  |TAMS 0x0000000709200000, 0x0000000709200000| Untracked 
| 109|0x0000000709300000, 0x0000000709300000, 0x0000000709400000|  0%| F|  |TAMS 0x0000000709300000, 0x0000000709300000| Untracked 
| 110|0x0000000709400000, 0x0000000709400000, 0x0000000709500000|  0%| F|  |TAMS 0x0000000709400000, 0x0000000709400000| Untracked 
| 111|0x0000000709500000, 0x0000000709500000, 0x0000000709600000|  0%| F|  |TAMS 0x0000000709500000, 0x0000000709500000| Untracked 
| 112|0x0000000709600000, 0x0000000709600000, 0x0000000709700000|  0%| F|  |TAMS 0x0000000709600000, 0x0000000709600000| Untracked 
| 113|0x0000000709700000, 0x0000000709700000, 0x0000000709800000|  0%| F|  |TAMS 0x0000000709700000, 0x0000000709700000| Untracked 
| 114|0x0000000709800000, 0x0000000709800000, 0x0000000709900000|  0%| F|  |TAMS 0x0000000709800000, 0x0000000709800000| Untracked 
| 115|0x0000000709900000, 0x0000000709900000, 0x0000000709a00000|  0%| F|  |TAMS 0x0000000709900000, 0x0000000709900000| Untracked 
| 116|0x0000000709a00000, 0x0000000709a00000, 0x0000000709b00000|  0%| F|  |TAMS 0x0000000709a00000, 0x0000000709a00000| Untracked 
| 117|0x0000000709b00000, 0x0000000709b00000, 0x0000000709c00000|  0%| F|  |TAMS 0x0000000709b00000, 0x0000000709b00000| Untracked 
| 118|0x0000000709c00000, 0x0000000709c00000, 0x0000000709d00000|  0%| F|  |TAMS 0x0000000709c00000, 0x0000000709c00000| Untracked 
| 119|0x0000000709d00000, 0x0000000709d00000, 0x0000000709e00000|  0%| F|  |TAMS 0x0000000709d00000, 0x0000000709d00000| Untracked 
| 120|0x0000000709e00000, 0x0000000709e00000, 0x0000000709f00000|  0%| F|  |TAMS 0x0000000709e00000, 0x0000000709e00000| Untracked 
| 121|0x0000000709f00000, 0x0000000709f00000, 0x000000070a000000|  0%| F|  |TAMS 0x0000000709f00000, 0x0000000709f00000| Untracked 
| 122|0x000000070a000000, 0x000000070a000000, 0x000000070a100000|  0%| F|  |TAMS 0x000000070a000000, 0x000000070a000000| Untracked 
| 123|0x000000070a100000, 0x000000070a100000, 0x000000070a200000|  0%| F|  |TAMS 0x000000070a100000, 0x000000070a100000| Untracked 
| 124|0x000000070a200000, 0x000000070a200000, 0x000000070a300000|  0%| F|  |TAMS 0x000000070a200000, 0x000000070a200000| Untracked 
| 125|0x000000070a300000, 0x000000070a300000, 0x000000070a400000|  0%| F|  |TAMS 0x000000070a300000, 0x000000070a300000| Untracked 
| 126|0x000000070a400000, 0x000000070a400000, 0x000000070a500000|  0%| F|  |TAMS 0x000000070a400000, 0x000000070a400000| Untracked 
| 127|0x000000070a500000, 0x000000070a500000, 0x000000070a600000|  0%| F|  |TAMS 0x000000070a500000, 0x000000070a500000| Untracked 
| 128|0x000000070a600000, 0x000000070a600000, 0x000000070a700000|  0%| F|  |TAMS 0x000000070a600000, 0x000000070a600000| Untracked 
| 129|0x000000070a700000, 0x000000070a700000, 0x000000070a800000|  0%| F|  |TAMS 0x000000070a700000, 0x000000070a700000| Untracked 
| 130|0x000000070a800000, 0x000000070a800000, 0x000000070a900000|  0%| F|  |TAMS 0x000000070a800000, 0x000000070a800000| Untracked 
| 131|0x000000070a900000, 0x000000070a900000, 0x000000070aa00000|  0%| F|  |TAMS 0x000000070a900000, 0x000000070a900000| Untracked 
| 132|0x000000070aa00000, 0x000000070aa00000, 0x000000070ab00000|  0%| F|  |TAMS 0x000000070aa00000, 0x000000070aa00000| Untracked 
| 133|0x000000070ab00000, 0x000000070ab00000, 0x000000070ac00000|  0%| F|  |TAMS 0x000000070ab00000, 0x000000070ab00000| Untracked 
| 134|0x000000070ac00000, 0x000000070ac00000, 0x000000070ad00000|  0%| F|  |TAMS 0x000000070ac00000, 0x000000070ac00000| Untracked 
| 135|0x000000070ad00000, 0x000000070ad00000, 0x000000070ae00000|  0%| F|  |TAMS 0x000000070ad00000, 0x000000070ad00000| Untracked 
| 136|0x000000070ae00000, 0x000000070ae00000, 0x000000070af00000|  0%| F|  |TAMS 0x000000070ae00000, 0x000000070ae00000| Untracked 
| 137|0x000000070af00000, 0x000000070af00000, 0x000000070b000000|  0%| F|  |TAMS 0x000000070af00000, 0x000000070af00000| Untracked 
| 138|0x000000070b000000, 0x000000070b000000, 0x000000070b100000|  0%| F|  |TAMS 0x000000070b000000, 0x000000070b000000| Untracked 
| 139|0x000000070b100000, 0x000000070b100000, 0x000000070b200000|  0%| F|  |TAMS 0x000000070b100000, 0x000000070b100000| Untracked 
| 140|0x000000070b200000, 0x000000070b200000, 0x000000070b300000|  0%| F|  |TAMS 0x000000070b200000, 0x000000070b200000| Untracked 
| 141|0x000000070b300000, 0x000000070b300000, 0x000000070b400000|  0%| F|  |TAMS 0x000000070b300000, 0x000000070b300000| Untracked 
| 142|0x000000070b400000, 0x000000070b400000, 0x000000070b500000|  0%| F|  |TAMS 0x000000070b400000, 0x000000070b400000| Untracked 
| 143|0x000000070b500000, 0x000000070b500000, 0x000000070b600000|  0%| F|  |TAMS 0x000000070b500000, 0x000000070b500000| Untracked 
| 144|0x000000070b600000, 0x000000070b600000, 0x000000070b700000|  0%| F|  |TAMS 0x000000070b600000, 0x000000070b600000| Untracked 
| 145|0x000000070b700000, 0x000000070b700000, 0x000000070b800000|  0%| F|  |TAMS 0x000000070b700000, 0x000000070b700000| Untracked 
| 146|0x000000070b800000, 0x000000070b800000, 0x000000070b900000|  0%| F|  |TAMS 0x000000070b800000, 0x000000070b800000| Untracked 
| 147|0x000000070b900000, 0x000000070b900000, 0x000000070ba00000|  0%| F|  |TAMS 0x000000070b900000, 0x000000070b900000| Untracked 
| 148|0x000000070ba00000, 0x000000070ba00000, 0x000000070bb00000|  0%| F|  |TAMS 0x000000070ba00000, 0x000000070ba00000| Untracked 
| 149|0x000000070bb00000, 0x000000070bb00000, 0x000000070bc00000|  0%| F|  |TAMS 0x000000070bb00000, 0x000000070bb00000| Untracked 
| 150|0x000000070bc00000, 0x000000070bc00000, 0x000000070bd00000|  0%| F|  |TAMS 0x000000070bc00000, 0x000000070bc00000| Untracked 
| 151|0x000000070bd00000, 0x000000070bd00000, 0x000000070be00000|  0%| F|  |TAMS 0x000000070bd00000, 0x000000070bd00000| Untracked 
| 152|0x000000070be00000, 0x000000070be00000, 0x000000070bf00000|  0%| F|  |TAMS 0x000000070be00000, 0x000000070be00000| Untracked 
| 153|0x000000070bf00000, 0x000000070bf00000, 0x000000070c000000|  0%| F|  |TAMS 0x000000070bf00000, 0x000000070bf00000| Untracked 
| 154|0x000000070c000000, 0x000000070c000000, 0x000000070c100000|  0%| F|  |TAMS 0x000000070c000000, 0x000000070c000000| Untracked 
| 155|0x000000070c100000, 0x000000070c100000, 0x000000070c200000|  0%| F|  |TAMS 0x000000070c100000, 0x000000070c100000| Untracked 
| 156|0x000000070c200000, 0x000000070c200000, 0x000000070c300000|  0%| F|  |TAMS 0x000000070c200000, 0x000000070c200000| Untracked 
| 157|0x000000070c300000, 0x000000070c300000, 0x000000070c400000|  0%| F|  |TAMS 0x000000070c300000, 0x000000070c300000| Untracked 
| 158|0x000000070c400000, 0x000000070c400000, 0x000000070c500000|  0%| F|  |TAMS 0x000000070c400000, 0x000000070c400000| Untracked 
| 159|0x000000070c500000, 0x000000070c500000, 0x000000070c600000|  0%| F|  |TAMS 0x000000070c500000, 0x000000070c500000| Untracked 
| 160|0x000000070c600000, 0x000000070c600000, 0x000000070c700000|  0%| F|  |TAMS 0x000000070c600000, 0x000000070c600000| Untracked 
| 161|0x000000070c700000, 0x000000070c700000, 0x000000070c800000|  0%| F|  |TAMS 0x000000070c700000, 0x000000070c700000| Untracked 
| 162|0x000000070c800000, 0x000000070c800000, 0x000000070c900000|  0%| F|  |TAMS 0x000000070c800000, 0x000000070c800000| Untracked 
| 163|0x000000070c900000, 0x000000070c900000, 0x000000070ca00000|  0%| F|  |TAMS 0x000000070c900000, 0x000000070c900000| Untracked 
| 164|0x000000070ca00000, 0x000000070ca00000, 0x000000070cb00000|  0%| F|  |TAMS 0x000000070ca00000, 0x000000070ca00000| Untracked 
| 165|0x000000070cb00000, 0x000000070cb00000, 0x000000070cc00000|  0%| F|  |TAMS 0x000000070cb00000, 0x000000070cb00000| Untracked 
| 166|0x000000070cc00000, 0x000000070cc00000, 0x000000070cd00000|  0%| F|  |TAMS 0x000000070cc00000, 0x000000070cc00000| Untracked 
| 167|0x000000070cd00000, 0x000000070cd00000, 0x000000070ce00000|  0%| F|  |TAMS 0x000000070cd00000, 0x000000070cd00000| Untracked 
| 168|0x000000070ce00000, 0x000000070ce00000, 0x000000070cf00000|  0%| F|  |TAMS 0x000000070ce00000, 0x000000070ce00000| Untracked 
| 169|0x000000070cf00000, 0x000000070cf00000, 0x000000070d000000|  0%| F|  |TAMS 0x000000070cf00000, 0x000000070cf00000| Untracked 
| 170|0x000000070d000000, 0x000000070d000000, 0x000000070d100000|  0%| F|  |TAMS 0x000000070d000000, 0x000000070d000000| Untracked 
| 171|0x000000070d100000, 0x000000070d100000, 0x000000070d200000|  0%| F|  |TAMS 0x000000070d100000, 0x000000070d100000| Untracked 
| 172|0x000000070d200000, 0x000000070d200000, 0x000000070d300000|  0%| F|  |TAMS 0x000000070d200000, 0x000000070d200000| Untracked 
| 173|0x000000070d300000, 0x000000070d300000, 0x000000070d400000|  0%| F|  |TAMS 0x000000070d300000, 0x000000070d300000| Untracked 
| 174|0x000000070d400000, 0x000000070d400000, 0x000000070d500000|  0%| F|  |TAMS 0x000000070d400000, 0x000000070d400000| Untracked 
| 175|0x000000070d500000, 0x000000070d500000, 0x000000070d600000|  0%| F|  |TAMS 0x000000070d500000, 0x000000070d500000| Untracked 
| 176|0x000000070d600000, 0x000000070d600000, 0x000000070d700000|  0%| F|  |TAMS 0x000000070d600000, 0x000000070d600000| Untracked 
| 177|0x000000070d700000, 0x000000070d700000, 0x000000070d800000|  0%| F|  |TAMS 0x000000070d700000, 0x000000070d700000| Untracked 
| 178|0x000000070d800000, 0x000000070d800000, 0x000000070d900000|  0%| F|  |TAMS 0x000000070d800000, 0x000000070d800000| Untracked 
| 179|0x000000070d900000, 0x000000070d900000, 0x000000070da00000|  0%| F|  |TAMS 0x000000070d900000, 0x000000070d900000| Untracked 
| 180|0x000000070da00000, 0x000000070da00000, 0x000000070db00000|  0%| F|  |TAMS 0x000000070da00000, 0x000000070da00000| Untracked 
| 181|0x000000070db00000, 0x000000070db00000, 0x000000070dc00000|  0%| F|  |TAMS 0x000000070db00000, 0x000000070db00000| Untracked 
| 182|0x000000070dc00000, 0x000000070dc00000, 0x000000070dd00000|  0%| F|  |TAMS 0x000000070dc00000, 0x000000070dc00000| Untracked 
| 183|0x000000070dd00000, 0x000000070dd00000, 0x000000070de00000|  0%| F|  |TAMS 0x000000070dd00000, 0x000000070dd00000| Untracked 
| 184|0x000000070de00000, 0x000000070de00000, 0x000000070df00000|  0%| F|  |TAMS 0x000000070de00000, 0x000000070de00000| Untracked 
| 185|0x000000070df00000, 0x000000070df00000, 0x000000070e000000|  0%| F|  |TAMS 0x000000070df00000, 0x000000070df00000| Untracked 
| 186|0x000000070e000000, 0x000000070e000000, 0x000000070e100000|  0%| F|  |TAMS 0x000000070e000000, 0x000000070e000000| Untracked 
| 187|0x000000070e100000, 0x000000070e100000, 0x000000070e200000|  0%| F|  |TAMS 0x000000070e100000, 0x000000070e100000| Untracked 
| 188|0x000000070e200000, 0x000000070e200000, 0x000000070e300000|  0%| F|  |TAMS 0x000000070e200000, 0x000000070e200000| Untracked 
| 189|0x000000070e300000, 0x000000070e300000, 0x000000070e400000|  0%| F|  |TAMS 0x000000070e300000, 0x000000070e300000| Untracked 
| 190|0x000000070e400000, 0x000000070e400000, 0x000000070e500000|  0%| F|  |TAMS 0x000000070e400000, 0x000000070e400000| Untracked 
| 191|0x000000070e500000, 0x000000070e500000, 0x000000070e600000|  0%| F|  |TAMS 0x000000070e500000, 0x000000070e500000| Untracked 
| 192|0x000000070e600000, 0x000000070e600000, 0x000000070e700000|  0%| F|  |TAMS 0x000000070e600000, 0x000000070e600000| Untracked 
| 193|0x000000070e700000, 0x000000070e700000, 0x000000070e800000|  0%| F|  |TAMS 0x000000070e700000, 0x000000070e700000| Untracked 
| 194|0x000000070e800000, 0x000000070e800000, 0x000000070e900000|  0%| F|  |TAMS 0x000000070e800000, 0x000000070e800000| Untracked 
| 195|0x000000070e900000, 0x000000070e900000, 0x000000070ea00000|  0%| F|  |TAMS 0x000000070e900000, 0x000000070e900000| Untracked 
| 196|0x000000070ea00000, 0x000000070ea00000, 0x000000070eb00000|  0%| F|  |TAMS 0x000000070ea00000, 0x000000070ea00000| Untracked 
| 197|0x000000070eb00000, 0x000000070eb00000, 0x000000070ec00000|  0%| F|  |TAMS 0x000000070eb00000, 0x000000070eb00000| Untracked 
| 198|0x000000070ec00000, 0x000000070ec00000, 0x000000070ed00000|  0%| F|  |TAMS 0x000000070ec00000, 0x000000070ec00000| Untracked 
| 199|0x000000070ed00000, 0x000000070ed00000, 0x000000070ee00000|  0%| F|  |TAMS 0x000000070ed00000, 0x000000070ed00000| Untracked 
| 200|0x000000070ee00000, 0x000000070ee00000, 0x000000070ef00000|  0%| F|  |TAMS 0x000000070ee00000, 0x000000070ee00000| Untracked 
| 201|0x000000070ef00000, 0x000000070ef00000, 0x000000070f000000|  0%| F|  |TAMS 0x000000070ef00000, 0x000000070ef00000| Untracked 
| 202|0x000000070f000000, 0x000000070f000000, 0x000000070f100000|  0%| F|  |TAMS 0x000000070f000000, 0x000000070f000000| Untracked 
| 203|0x000000070f100000, 0x000000070f100000, 0x000000070f200000|  0%| F|  |TAMS 0x000000070f100000, 0x000000070f100000| Untracked 
| 204|0x000000070f200000, 0x000000070f200000, 0x000000070f300000|  0%| F|  |TAMS 0x000000070f200000, 0x000000070f200000| Untracked 
| 205|0x000000070f300000, 0x000000070f300000, 0x000000070f400000|  0%| F|  |TAMS 0x000000070f300000, 0x000000070f300000| Untracked 
| 206|0x000000070f400000, 0x000000070f400000, 0x000000070f500000|  0%| F|  |TAMS 0x000000070f400000, 0x000000070f400000| Untracked 
| 207|0x000000070f500000, 0x000000070f500000, 0x000000070f600000|  0%| F|  |TAMS 0x000000070f500000, 0x000000070f500000| Untracked 
| 208|0x000000070f600000, 0x000000070f600000, 0x000000070f700000|  0%| F|  |TAMS 0x000000070f600000, 0x000000070f600000| Untracked 
| 209|0x000000070f700000, 0x000000070f700000, 0x000000070f800000|  0%| F|  |TAMS 0x000000070f700000, 0x000000070f700000| Untracked 
| 210|0x000000070f800000, 0x000000070f800000, 0x000000070f900000|  0%| F|  |TAMS 0x000000070f800000, 0x000000070f800000| Untracked 
| 211|0x000000070f900000, 0x000000070f900000, 0x000000070fa00000|  0%| F|  |TAMS 0x000000070f900000, 0x000000070f900000| Untracked 
| 212|0x000000070fa00000, 0x000000070fa00000, 0x000000070fb00000|  0%| F|  |TAMS 0x000000070fa00000, 0x000000070fa00000| Untracked 
| 213|0x000000070fb00000, 0x000000070fb00000, 0x000000070fc00000|  0%| F|  |TAMS 0x000000070fb00000, 0x000000070fb00000| Untracked 
| 214|0x000000070fc00000, 0x000000070fc00000, 0x000000070fd00000|  0%| F|  |TAMS 0x000000070fc00000, 0x000000070fc00000| Untracked 
| 215|0x000000070fd00000, 0x000000070fd00000, 0x000000070fe00000|  0%| F|  |TAMS 0x000000070fd00000, 0x000000070fd00000| Untracked 
| 216|0x000000070fe00000, 0x000000070fe00000, 0x000000070ff00000|  0%| F|  |TAMS 0x000000070fe00000, 0x000000070fe00000| Untracked 
| 217|0x000000070ff00000, 0x000000070ff00000, 0x0000000710000000|  0%| F|  |TAMS 0x000000070ff00000, 0x000000070ff00000| Untracked 
| 218|0x0000000710000000, 0x0000000710000000, 0x0000000710100000|  0%| F|  |TAMS 0x0000000710000000, 0x0000000710000000| Untracked 
| 219|0x0000000710100000, 0x0000000710100000, 0x0000000710200000|  0%| F|  |TAMS 0x0000000710100000, 0x0000000710100000| Untracked 
| 220|0x0000000710200000, 0x0000000710200000, 0x0000000710300000|  0%| F|  |TAMS 0x0000000710200000, 0x0000000710200000| Untracked 
| 221|0x0000000710300000, 0x0000000710300000, 0x0000000710400000|  0%| F|  |TAMS 0x0000000710300000, 0x0000000710300000| Untracked 
| 222|0x0000000710400000, 0x0000000710400000, 0x0000000710500000|  0%| F|  |TAMS 0x0000000710400000, 0x0000000710400000| Untracked 
| 223|0x0000000710500000, 0x0000000710500000, 0x0000000710600000|  0%| F|  |TAMS 0x0000000710500000, 0x0000000710500000| Untracked 
| 224|0x0000000710600000, 0x0000000710600000, 0x0000000710700000|  0%| F|  |TAMS 0x0000000710600000, 0x0000000710600000| Untracked 
| 225|0x0000000710700000, 0x0000000710700000, 0x0000000710800000|  0%| F|  |TAMS 0x0000000710700000, 0x0000000710700000| Untracked 
| 226|0x0000000710800000, 0x0000000710800000, 0x0000000710900000|  0%| F|  |TAMS 0x0000000710800000, 0x0000000710800000| Untracked 
| 227|0x0000000710900000, 0x0000000710900000, 0x0000000710a00000|  0%| F|  |TAMS 0x0000000710900000, 0x0000000710900000| Untracked 
| 228|0x0000000710a00000, 0x0000000710a00000, 0x0000000710b00000|  0%| F|  |TAMS 0x0000000710a00000, 0x0000000710a00000| Untracked 
| 229|0x0000000710b00000, 0x0000000710b00000, 0x0000000710c00000|  0%| F|  |TAMS 0x0000000710b00000, 0x0000000710b00000| Untracked 
| 230|0x0000000710c00000, 0x0000000710c00000, 0x0000000710d00000|  0%| F|  |TAMS 0x0000000710c00000, 0x0000000710c00000| Untracked 
| 231|0x0000000710d00000, 0x0000000710d00000, 0x0000000710e00000|  0%| F|  |TAMS 0x0000000710d00000, 0x0000000710d00000| Untracked 
| 232|0x0000000710e00000, 0x0000000710e00000, 0x0000000710f00000|  0%| F|  |TAMS 0x0000000710e00000, 0x0000000710e00000| Untracked 
| 233|0x0000000710f00000, 0x0000000710f00000, 0x0000000711000000|  0%| F|  |TAMS 0x0000000710f00000, 0x0000000710f00000| Untracked 
| 234|0x0000000711000000, 0x0000000711000000, 0x0000000711100000|  0%| F|  |TAMS 0x0000000711000000, 0x0000000711000000| Untracked 
| 235|0x0000000711100000, 0x0000000711100000, 0x0000000711200000|  0%| F|  |TAMS 0x0000000711100000, 0x0000000711100000| Untracked 
| 236|0x0000000711200000, 0x0000000711200000, 0x0000000711300000|  0%| F|  |TAMS 0x0000000711200000, 0x0000000711200000| Untracked 
| 237|0x0000000711300000, 0x0000000711300000, 0x0000000711400000|  0%| F|  |TAMS 0x0000000711300000, 0x0000000711300000| Untracked 
| 238|0x0000000711400000, 0x0000000711400000, 0x0000000711500000|  0%| F|  |TAMS 0x0000000711400000, 0x0000000711400000| Untracked 
| 239|0x0000000711500000, 0x0000000711500000, 0x0000000711600000|  0%| F|  |TAMS 0x0000000711500000, 0x0000000711500000| Untracked 
| 240|0x0000000711600000, 0x0000000711600000, 0x0000000711700000|  0%| F|  |TAMS 0x0000000711600000, 0x0000000711600000| Untracked 
| 241|0x0000000711700000, 0x0000000711700000, 0x0000000711800000|  0%| F|  |TAMS 0x0000000711700000, 0x0000000711700000| Untracked 
| 242|0x0000000711800000, 0x0000000711800000, 0x0000000711900000|  0%| F|  |TAMS 0x0000000711800000, 0x0000000711800000| Untracked 
| 243|0x0000000711900000, 0x0000000711900000, 0x0000000711a00000|  0%| F|  |TAMS 0x0000000711900000, 0x0000000711900000| Untracked 
| 244|0x0000000711a00000, 0x0000000711a00000, 0x0000000711b00000|  0%| F|  |TAMS 0x0000000711a00000, 0x0000000711a00000| Untracked 
| 245|0x0000000711b00000, 0x0000000711b00000, 0x0000000711c00000|  0%| F|  |TAMS 0x0000000711b00000, 0x0000000711b00000| Untracked 
| 246|0x0000000711c00000, 0x0000000711c00000, 0x0000000711d00000|  0%| F|  |TAMS 0x0000000711c00000, 0x0000000711c00000| Untracked 
| 247|0x0000000711d00000, 0x0000000711d00000, 0x0000000711e00000|  0%| F|  |TAMS 0x0000000711d00000, 0x0000000711d00000| Untracked 
| 248|0x0000000711e00000, 0x0000000711e00000, 0x0000000711f00000|  0%| F|  |TAMS 0x0000000711e00000, 0x0000000711e00000| Untracked 
| 249|0x0000000711f00000, 0x0000000711f77038, 0x0000000712000000| 46%| E|  |TAMS 0x0000000711f00000, 0x0000000711f00000| Complete 
| 250|0x0000000712000000, 0x0000000712100000, 0x0000000712100000|100%| E|CS|TAMS 0x0000000712000000, 0x0000000712000000| Complete 
| 251|0x0000000712100000, 0x0000000712200000, 0x0000000712200000|100%| E|CS|TAMS 0x0000000712100000, 0x0000000712100000| Complete 
| 252|0x0000000712200000, 0x0000000712300000, 0x0000000712300000|100%| E|CS|TAMS 0x0000000712200000, 0x0000000712200000| Complete 
| 253|0x0000000712300000, 0x0000000712400000, 0x0000000712400000|100%| E|CS|TAMS 0x0000000712300000, 0x0000000712300000| Complete 

Card table byte_map: [0x000001e2db380000,0x000001e2dbb70000] _byte_map_base: 0x000001e2d7b6d000

Marking Bits (Prev, Next): (CMBitMap*) 0x000001e2c0fa66b8, (CMBitMap*) 0x000001e2c0fa66f8
 Prev Bits: [0x000001e2dc360000, 0x000001e2e02c8000)
 Next Bits: [0x000001e2e02d0000, 0x000001e2e4238000)

Polling page: 0x000001e2c1010000

Metaspace:

Usage:
  Non-class:      4.67 MB capacity,     4.56 MB ( 98%) used,   102.69 KB (  2%) free+waste,    14.88 KB ( <1%) overhead. 
      Class:    658.00 KB capacity,   577.31 KB ( 88%) used,    69.69 KB ( 11%) free+waste,    11.00 KB (  2%) overhead. 
       Both:      5.31 MB capacity,     5.12 MB ( 96%) used,   172.38 KB (  3%) free+waste,    25.88 KB ( <1%) overhead. 

Virtual space:
  Non-class space:        8.00 MB reserved,       4.75 MB ( 59%) committed 
      Class space:        1.00 GB reserved,     768.00 KB ( <1%) committed 
             Both:        1.01 GB reserved,       5.50 MB ( <1%) committed 

Chunk freelists:
   Non-Class:  17.00 KB
       Class:  14.00 KB
        Both:  31.00 KB

MaxMetaspaceSize: 17179869184.00 GB
CompressedClassSpaceSize: 1.00 GB

CodeHeap 'non-profiled nmethods': size=120000Kb used=145Kb max_used=145Kb free=119854Kb
 bounds [0x000001e2d29e0000, 0x000001e2d2c50000, 0x000001e2d9f10000]
CodeHeap 'profiled nmethods': size=120000Kb used=813Kb max_used=813Kb free=119186Kb
 bounds [0x000001e2cb4b0000, 0x000001e2cb720000, 0x000001e2d29e0000]
CodeHeap 'non-nmethods': size=5760Kb used=1319Kb max_used=1333Kb free=4440Kb
 bounds [0x000001e2caf10000, 0x000001e2cb180000, 0x000001e2cb4b0000]
 total_blobs=1374 nmethods=523 adapters=420
 compilation: enabled
              stopped_count=0, restarted_count=0
 full_count=0

Compilation events (20 events):
Event: 1.543 Thread 0x000001e2e78d4000 nmethod 512 0x000001e2cb573610 code [0x000001e2cb5737e0, 0x000001e2cb573b18]
Event: 1.543 Thread 0x000001e2e78d4000  513       3       java.util.ArrayList::add (25 bytes)
Event: 1.544 Thread 0x000001e2e78d4000 nmethod 513 0x000001e2cb573c90 code [0x000001e2cb573e60, 0x000001e2cb5742c8]
Event: 1.544 Thread 0x000001e2e78d4000  515       3       java.lang.invoke.LambdaForm::useCount (90 bytes)
Event: 1.545 Thread 0x000001e2e78d4000 nmethod 515 0x000001e2cb574490 code [0x000001e2cb574660, 0x000001e2cb574a38]
Event: 1.545 Thread 0x000001e2e78d4000  514       3       java.util.ArrayList::add (23 bytes)
Event: 1.546 Thread 0x000001e2e78d4000 nmethod 514 0x000001e2cb574c10 code [0x000001e2cb574de0, 0x000001e2cb5751c8]
Event: 1.546 Thread 0x000001e2e78d4000  516       3       java.lang.invoke.InvokerBytecodeGenerator::emitStoreInsn (21 bytes)
Event: 1.546 Thread 0x000001e2e78d4000 nmethod 516 0x000001e2cb575390 code [0x000001e2cb575540, 0x000001e2cb5757b8]
Event: 1.546 Thread 0x000001e2e78d4000  517       3       java.lang.invoke.InvokerBytecodeGenerator::storeInsnOpcode (87 bytes)
Event: 1.548 Thread 0x000001e2e78d4000 nmethod 517 0x000001e2cb575910 code [0x000001e2cb575b80, 0x000001e2cb5766f8]
Event: 1.548 Thread 0x000001e2e78d4000  518       3       java.lang.invoke.LambdaForm$Name::internArguments (59 bytes)
Event: 1.549 Thread 0x000001e2e78d4000 nmethod 518 0x000001e2cb576b10 code [0x000001e2cb576d00, 0x000001e2cb577468]
Event: 1.549 Thread 0x000001e2e78d4000  520       3       java.lang.invoke.LambdaFormBuffer::ownedCount (7 bytes)
Event: 1.549 Thread 0x000001e2e78d4000 nmethod 520 0x000001e2cb577610 code [0x000001e2cb5777a0, 0x000001e2cb5778b8]
Event: 1.549 Thread 0x000001e2e78d4000  521       3       java.lang.invoke.MethodType::insertParameterTypes (121 bytes)
Event: 1.551 Thread 0x000001e2e78d4000 nmethod 521 0x000001e2cb577990 code [0x000001e2cb577c60, 0x000001e2cb578ac8]
Event: 1.551 Thread 0x000001e2e78d4000  519       3       jdk.internal.org.objectweb.asm.MethodWriter::visitAnnotation (73 bytes)
Event: 1.552 Thread 0x000001e2e78d4000 nmethod 519 0x000001e2cb579090 code [0x000001e2cb5792c0, 0x000001e2cb579ae8]
Event: 1.552 Thread 0x000001e2e78d4000  522       3       java.lang.invoke.InvokerBytecodeGenerator::emitReferenceCast (192 bytes)

GC Heap History (0 events):
No events

Deoptimization events (4 events):
Event: 0.576 Thread 0x000001e2c0f3d800 Uncommon trap: trap_request=0xffffff45 fr.pc=0x000001e2d29e4964 relative=0x0000000000000284
Event: 0.576 Thread 0x000001e2c0f3d800 Uncommon trap: reason=unstable_if action=reinterpret pc=0x000001e2d29e4964 method=java.lang.String.hashCode()I @ 42 c2
Event: 0.576 Thread 0x000001e2c0f3d800 DEOPT PACKING pc=0x000001e2d29e4964 sp=0x000000883e9fdfd0
Event: 0.576 Thread 0x000001e2c0f3d800 DEOPT UNPACKING pc=0x000001e2caf5912f sp=0x000000883e9fdf68 mode 2

Classes unloaded (0 events):
No events

Classes redefined (0 events):
No events

Internal exceptions (14 events):
Event: 0.749 Thread 0x000001e2c0f3d800 Exception <a 'java/lang/ClassNotFoundException'{0x000000071220b480}: sun/awt/resources/spi/awtProvider> (0x000000071220b480) 
thrown [./open/src/hotspot/share/classfile/systemDictionary.cpp, line 226]
Event: 0.870 Thread 0x000001e2c0f3d800 Exception <a 'java/io/FileNotFoundException'{0x000000071225fdb8}> (0x000000071225fdb8) 
thrown [./open/src/hotspot/share/prims/jni.cpp, line 599]
Event: 0.895 Thread 0x000001e2c0f3d800 Exception <a 'java/io/FileNotFoundException'{0x0000000712286708}> (0x0000000712286708) 
thrown [./open/src/hotspot/share/prims/jni.cpp, line 599]
Event: 1.062 Thread 0x000001e2e8159000 Exception <a 'java/lang/NoSuchMethodError'{0x00000007122f1178}: 'void java.lang.invoke.DirectMethodHandle$Holder.invokeSpecial(java.lang.Object, java.lang.Object)'> (0x00000007122f1178) 
thrown [./open/src/hotspot/share/interpreter/linkResolver.cpp, line 766]
Event: 1.217 Thread 0x000001e2c0f3d800 Exception <a 'java/lang/NoSuchMethodError'{0x000000071214b7b8}: 'java.lang.Object java.lang.invoke.DirectMethodHandle$Holder.invokeStatic(java.lang.Object, int, java.lang.Object, java.lang.Object, java.lang.Object, java.lang.Object)'> (0x000000071214b7b8) 
thrown [./open/src/hotspot/share/interpreter/linkResolver.cpp, line 766]
Event: 1.218 Thread 0x000001e2c0f3d800 Exception <a 'java/lang/NoSuchMethodError'{0x00000007121520d8}: 'java.lang.Object java.lang.invoke.DirectMethodHandle$Holder.invokeStatic(java.lang.Object, int, java.lang.Object, java.lang.Object, java.lang.Object)'> (0x00000007121520d8) 
thrown [./open/src/hotspot/share/interpreter/linkResolver.cpp, line 766]
Event: 1.219 Thread 0x000001e2c0f3d800 Exception <a 'java/lang/NoSuchMethodError'{0x0000000712155928}: 'java.lang.Object java.lang.invoke.DirectMethodHandle$Holder.invokeSpecial(java.lang.Object, java.lang.Object, int, java.lang.Object, java.lang.Object, java.lang.Object)'> (0x0000000712155928) 
thrown [./open/src/hotspot/share/interpreter/linkResolver.cpp, line 766]
Event: 1.229 Thread 0x000001e2c0f3d800 Exception <a 'java/lang/NoSuchMethodError'{0x000000071216bcd0}: 'java.lang.Object java.lang.invoke.DirectMethodHandle$Holder.invokeStatic(java.lang.Object, int, java.lang.Object)'> (0x000000071216bcd0) 
thrown [./open/src/hotspot/share/interpreter/linkResolver.cpp, line 766]
Event: 1.312 Thread 0x000001e2c0f3d800 Exception <a 'java/lang/ClassNotFoundException'{0x000000071200fb90}: com/sun/swing/internal/plaf/metal/resources/spi/metalProvider> (0x000000071200fb90) 
thrown [./open/src/hotspot/share/classfile/systemDictionary.cpp, line 226]
Event: 1.316 Thread 0x000001e2c0f3d800 Exception <a 'java/lang/ClassNotFoundException'{0x00000007120145d0}: com/sun/swing/internal/plaf/basic/resources/spi/basicProvider> (0x00000007120145d0) 
thrown [./open/src/hotspot/share/classfile/systemDictionary.cpp, line 226]
Event: 1.427 Thread 0x000001e2c0f3d800 Exception <a 'java/lang/NoSuchMethodError'{0x0000000712050e80}: 'void java.lang.invoke.DirectMethodHandle$Holder.invokeStaticInit(java.lang.Object)'> (0x0000000712050e80) 
thrown [./open/src/hotspot/share/interpreter/linkResolver.cpp, line 766]
Event: 1.475 Thread 0x000001e2c0f3d800 Exception <a 'java/io/FileNotFoundException'{0x000000071205d548}> (0x000000071205d548) 
thrown [./open/src/hotspot/share/prims/jni.cpp, line 599]
Event: 1.475 Thread 0x000001e2c0f3d800 Exception <a 'java/lang/NullPointerException'{0x000000071205de38}> (0x000000071205de38) 
thrown [./open/src/hotspot/share/interpreter/linkResolver.cpp, line 1348]
Event: 1.550 Thread 0x000001e2c0f3d800 Exception <a 'java/lang/NoSuchMethodError'{0x0000000711f23f80}: 'java.lang.Object java.lang.invoke.Invokers$Holder.linkToTargetMethod(java.lang.Object, int, java.lang.Object)'> (0x0000000711f23f80) 
thrown [./open/src/hotspot/share/interpreter/linkResolver.cpp, line 766]

Events (20 events):
Event: 1.535 loading class sun/awt/FontConfiguration$2
Event: 1.535 loading class sun/awt/FontConfiguration$2 done
Event: 1.536 loading class sun/awt/windows/WDefaultFontCharset
Event: 1.536 loading class sun/awt/AWTCharset
Event: 1.536 loading class sun/awt/AWTCharset done
Event: 1.536 loading class sun/awt/windows/WDefaultFontCharset done
Event: 1.537 loading class sun/awt/windows/WDefaultFontCharset$Encoder
Event: 1.537 loading class sun/awt/AWTCharset$Encoder
Event: 1.537 loading class sun/awt/AWTCharset$Encoder done
Event: 1.537 loading class sun/awt/windows/WDefaultFontCharset$Encoder done
Event: 1.539 loading class java/io/ByteArrayOutputStream
Event: 1.539 loading class java/io/ByteArrayOutputStream done
Event: 1.540 loading class sun/awt/windows/WingDings
Event: 1.540 loading class sun/awt/windows/WingDings done
Event: 1.541 loading class sun/awt/windows/WingDings$Encoder
Event: 1.541 loading class sun/awt/windows/WingDings$Encoder done
Event: 1.541 loading class sun/awt/Symbol
Event: 1.541 loading class sun/awt/Symbol done
Event: 1.541 loading class sun/awt/Symbol$Encoder
Event: 1.541 loading class sun/awt/Symbol$Encoder done


Dynamic libraries:
0x00007ff61a4b0000 - 0x00007ff61a4bf000 	C:\Program Files\Java\jdk-14.0.1\bin\java.exe
0x00007ffe10b20000 - 0x00007ffe10d10000 	C:\Windows\SYSTEM32\ntdll.dll
0x00007ffe0f660000 - 0x00007ffe0f712000 	C:\Windows\System32\KERNEL32.DLL
0x00007ffe0e920000 - 0x00007ffe0ebc4000 	C:\Windows\System32\KERNELBASE.dll
0x00007ffe0e0a0000 - 0x00007ffe0e19a000 	C:\Windows\System32\ucrtbase.dll
0x00007ffe05350000 - 0x00007ffe05368000 	C:\Program Files\Java\jdk-14.0.1\bin\jli.dll
0x00007ffe10160000 - 0x00007ffe10203000 	C:\Windows\System32\ADVAPI32.dll
0x00007ffdfac90000 - 0x00007ffdfaca5000 	C:\Program Files\Java\jdk-14.0.1\bin\VCRUNTIME140.dll
0x00007ffe0ed80000 - 0x00007ffe0ee1e000 	C:\Windows\System32\msvcrt.dll
0x00007ffe0f7a0000 - 0x00007ffe0f837000 	C:\Windows\System32\sechost.dll
0x00007ffe0f540000 - 0x00007ffe0f660000 	C:\Windows\System32\RPCRT4.dll
0x00007ffe0f340000 - 0x00007ffe0f4d4000 	C:\Windows\System32\USER32.dll
0x00007ffe0dbb0000 - 0x00007ffe0dbd1000 	C:\Windows\System32\win32u.dll
0x00007ffe100d0000 - 0x00007ffe100f6000 	C:\Windows\System32\GDI32.dll
0x00007ffdfc130000 - 0x00007ffdfc3b4000 	C:\Windows\WinSxS\amd64_microsoft.windows.common-controls_6595b64144ccf1df_6.0.18362.900_none_e6beb9d913147d17\COMCTL32.dll
0x00007ffe0dbe0000 - 0x00007ffe0dd75000 	C:\Windows\System32\gdi32full.dll
0x00007ffe0ef90000 - 0x00007ffe0f2c5000 	C:\Windows\System32\combase.dll
0x00007ffe0ddd0000 - 0x00007ffe0de6e000 	C:\Windows\System32\msvcp_win.dll
0x00007ffe0ded0000 - 0x00007ffe0df50000 	C:\Windows\System32\bcryptPrimitives.dll
0x00007ffe04ed0000 - 0x00007ffe04eda000 	C:\Windows\SYSTEM32\VERSION.dll
0x00007ffe0ef60000 - 0x00007ffe0ef8e000 	C:\Windows\System32\IMM32.DLL
0x00007ffdd32e0000 - 0x00007ffdd337b000 	C:\Program Files\Java\jdk-14.0.1\bin\msvcp140.dll
0x00007ffd8e390000 - 0x00007ffd8eeae000 	C:\Program Files\Java\jdk-14.0.1\bin\server\jvm.dll
0x00007ffe0ed00000 - 0x00007ffe0ed08000 	C:\Windows\System32\PSAPI.DLL
0x00007ffdf3200000 - 0x00007ffdf3209000 	C:\Windows\SYSTEM32\WSOCK32.dll
0x00007ffe07210000 - 0x00007ffe07234000 	C:\Windows\SYSTEM32\WINMM.dll
0x00007ffe0ed10000 - 0x00007ffe0ed7f000 	C:\Windows\System32\WS2_32.dll
0x00007ffe071e0000 - 0x00007ffe0720d000 	C:\Windows\SYSTEM32\winmmbase.dll
0x00007ffe0dd80000 - 0x00007ffe0ddca000 	C:\Windows\System32\cfgmgr32.dll
0x00007ffe0da10000 - 0x00007ffe0da21000 	C:\Windows\System32\kernel.appcore.dll
0x00007ffdfc480000 - 0x00007ffdfc48a000 	C:\Program Files\Java\jdk-14.0.1\bin\jimage.dll
0x00007ffe09150000 - 0x00007ffe09344000 	C:\Windows\SYSTEM32\DBGHELP.DLL
0x00007ffdf59c0000 - 0x00007ffdf59ea000 	C:\Windows\SYSTEM32\dbgcore.DLL
0x00007ffde9df0000 - 0x00007ffde9e28000 	C:\Program Files\Java\jdk-14.0.1\bin\jdwp.dll
0x00007ffde0e30000 - 0x00007ffde0e55000 	C:\Program Files\Java\jdk-14.0.1\bin\java.dll
0x00007ffdf5bd0000 - 0x00007ffdf5be6000 	C:\Program Files\Java\jdk-14.0.1\bin\zip.dll
0x00007ffe0f9e0000 - 0x00007ffe100c6000 	C:\Windows\System32\SHELL32.dll
0x00007ffe0f930000 - 0x00007ffe0f9d9000 	C:\Windows\System32\shcore.dll
0x00007ffe0e1a0000 - 0x00007ffe0e920000 	C:\Windows\System32\windows.storage.dll
0x00007ffe0da30000 - 0x00007ffe0da53000 	C:\Windows\System32\profapi.dll
0x00007ffe0da60000 - 0x00007ffe0daaa000 	C:\Windows\System32\powrprof.dll
0x00007ffe0d9e0000 - 0x00007ffe0d9f0000 	C:\Windows\System32\UMPDC.dll
0x00007ffe10100000 - 0x00007ffe10152000 	C:\Windows\System32\shlwapi.dll
0x00007ffe0db90000 - 0x00007ffe0dba7000 	C:\Windows\System32\cryptsp.dll
0x00007ffdf3340000 - 0x00007ffdf334b000 	C:\Program Files\Java\jdk-14.0.1\bin\dt_socket.dll
0x00007ffe0cf60000 - 0x00007ffe0cf9a000 	C:\Windows\SYSTEM32\IPHLPAPI.DLL
0x00007ffe0d250000 - 0x00007ffe0d2b7000 	C:\Windows\system32\mswsock.dll
0x00007ffe0cfa0000 - 0x00007ffe0d06b000 	C:\Windows\SYSTEM32\DNSAPI.dll
0x00007ffe0f840000 - 0x00007ffe0f848000 	C:\Windows\System32\NSI.dll
0x00007ffdfa950000 - 0x00007ffdfa95a000 	C:\Windows\System32\rasadhlp.dll
0x00007ffe00ee0000 - 0x00007ffe00f57000 	C:\Windows\System32\fwpuclnt.dll
0x00007ffe0db60000 - 0x00007ffe0db86000 	C:\Windows\System32\bcrypt.dll
0x00007ffde0e10000 - 0x00007ffde0e29000 	C:\Program Files\Java\jdk-14.0.1\bin\net.dll
0x00007ffdfb230000 - 0x00007ffdfb320000 	C:\Windows\SYSTEM32\WINHTTP.dll
0x00007ffde0df0000 - 0x00007ffde0e02000 	C:\Program Files\Java\jdk-14.0.1\bin\nio.dll
0x00007ffdb2b20000 - 0x00007ffdb2cb8000 	C:\Program Files\Java\jdk-14.0.1\bin\awt.dll
0x00007ffe0f850000 - 0x00007ffe0f915000 	C:\Windows\System32\OLEAUT32.dll
0x00007ffe087d0000 - 0x00007ffe0885f000 	C:\Windows\SYSTEM32\apphelp.dll
0x00007ffe08d70000 - 0x00007ffe08d9d000 	C:\Windows\system32\DWMAPI.DLL
0x00007ffe08920000 - 0x00007ffe089b9000 	C:\Windows\system32\uxtheme.dll
0x00007ffdfc4e0000 - 0x00007ffdfc636000 	C:\Windows\system32\opengl32.dll
0x00007ffdffbc0000 - 0x00007ffdffbec000 	C:\Windows\SYSTEM32\GLU32.dll
0x00007ffe0c630000 - 0x00007ffe0c650000 	C:\Windows\SYSTEM32\dxcore.dll
0x00007ffe0ee20000 - 0x00007ffe0ef55000 	C:\Windows\System32\MSCTF.dll
0x00007ffe10960000 - 0x00007ffe10ab7000 	C:\Windows\System32\ole32.dll
0x00007ffdce980000 - 0x00007ffdcea02000 	C:\Program Files\Java\jdk-14.0.1\bin\freetype.dll
0x00007ffdce530000 - 0x00007ffdce5d6000 	C:\Program Files\Java\jdk-14.0.1\bin\fontmanager.dll

dbghelp: loaded successfully - version: 4.0.5 - missing functions: none
symbol engine: initialized successfully - sym options: 0x614 - pdb path: .;C:\Program Files\Java\jdk-14.0.1\bin;C:\Windows\SYSTEM32;C:\Windows\WinSxS\amd64_microsoft.windows.common-controls_6595b64144ccf1df_6.0.18362.900_none_e6beb9d913147d17;C:\Program Files\Java\jdk-14.0.1\bin\server

VM Arguments:
jvm_args: -agentlib:jdwp=transport=dt_socket,server=n,suspend=y,address=localhost:51870 -Dfile.encoding=UTF-8 
java_command: app.TestIoTClient
java_class_path (initial): C:\Users\rando\Desktop\IoT\develop\IoTClient\target\classes;C:\Users\rando\Desktop\IoT\develop\lib\mylib.jar
Launcher Type: SUN_STANDARD

[Global flags]
     intx CICompilerCount                          = 4                                         {product} {ergonomic}
     uint ConcGCThreads                            = 3                                         {product} {ergonomic}
     uint G1ConcRefinementThreads                  = 10                                        {product} {ergonomic}
   size_t G1HeapRegionSize                         = 1048576                                   {product} {ergonomic}
    uintx GCDrainStackTargetSize                   = 64                                        {product} {ergonomic}
   size_t InitialHeapSize                          = 266338304                                 {product} {ergonomic}
   size_t MarkStackSize                            = 4194304                                   {product} {ergonomic}
   size_t MaxHeapSize                              = 4255121408                                {product} {ergonomic}
   size_t MaxNewSize                               = 2552233984                                {product} {ergonomic}
   size_t MinHeapDeltaBytes                        = 1048576                                   {product} {ergonomic}
   size_t MinHeapSize                              = 8388608                                   {product} {ergonomic}
    uintx NonNMethodCodeHeapSize                   = 5839372                                {pd product} {ergonomic}
    uintx NonProfiledCodeHeapSize                  = 122909434                              {pd product} {ergonomic}
    uintx ProfiledCodeHeapSize                     = 122909434                              {pd product} {ergonomic}
    uintx ReservedCodeCacheSize                    = 251658240                              {pd product} {ergonomic}
     bool SegmentedCodeCache                       = true                                      {product} {ergonomic}
   size_t SoftMaxHeapSize                          = 4255121408                             {manageable} {ergonomic}
     bool UseCompressedClassPointers               = true                                 {lp64_product} {ergonomic}
     bool UseCompressedOops                        = true                                 {lp64_product} {ergonomic}
     bool UseG1GC                                  = true                                      {product} {ergonomic}
     bool UseLargePagesIndividualAllocation        = false                                  {pd product} {ergonomic}

Logging:
Log output configuration:
 #0: stdout all=warning uptime,level,tags
 #1: stderr all=off uptime,level,tags

Environment Variables:
JAVA_HOME=C:\Program Files\Java\jdk-14.0.1
PATH=C:\Program Files\AdoptOpenJDK\jdk-8.0.252.09-hotspot\bin;C:\Windows\system32;C:\Windows;C:\Windows\System32\Wbem;C:\Windows\System32\WindowsPowerShell\v1.0\;C:\Windows\System32\OpenSSH\;C:\Program Files (x86)\NVIDIA Corporation\PhysX\Common;C:\Program Files\NVIDIA Corporation\NVIDIA NvDLISR;C:\Program Files\Intel\WiFi\bin\;C:\Program Files\Common Files\Intel\WirelessCommon\;C:\Program Files\Microsoft SQL Server\130\Tools\Binn\;C:\Program Files\Microsoft SQL Server\Client SDK\ODBC\170\Tools\Binn\;C:\Program Files\Git\cmd;C:\Program Files\dotnet\;C:\Users\rando\AppData\Local\Microsoft\WindowsApps;C:\Users\rando\AppData\Local\atom\bin;C:\MinGW\bin;C:\Users\rando\AppData\Local\Programs\Microsoft VS Code\bin;C:\Program Files\Java\jdk-14.0.1\bin;C:\Program Files\apache-maven-3.6.3\bin;
USERNAME=rando
OS=Windows_NT
PROCESSOR_IDENTIFIER=Intel64 Family 6 Model 158 Stepping 10, GenuineIntel



---------------  S Y S T E M  ---------------

OS: Windows 10 , 64 bit Build 18362 (10.0.18362.900)
OS uptime: 5 days 6:42 hours

CPU:total 12 (initial active 12) (6 cores per cpu, 2 threads per core) family 6 model 158 stepping 10, cmov, cx8, fxsr, mmx, sse, sse2, sse3, ssse3, sse4.1, sse4.2, popcnt, avx, avx2, aes, clmul, erms, 3dnowpref, lzcnt, ht, tsc, tscinvbit, bmi1, bmi2, adx, fma

Memory: 4k page, system-wide physical 16228M (8974M free)
TotalPageFile size 18660M (AvailPageFile size 9166M)
current process WorkingSet (physical memory assigned to process): 49M, peak: 49M
current process commit charge ("private bytes"): 355M, peak: 355M

vm_info: Java HotSpot(TM) 64-Bit Server VM (14.0.1+7) for windows-amd64 JRE (14.0.1+7), built on Mar  5 2020 10:30:14 by "mach5one" with MS VC++ 15.9 (VS2017)

END.
